TN:
SF:/home/prometheus/.conan2/p/b/fmt48cf9371df434/p/include/fmt/base.h
FN:454,456,_ZN3fmt3v116detail8use_utf8Ev
FNDA:1,_ZN3fmt3v116detail8use_utf8Ev
FNF:1
FNH:1
DA:454,1
DA:455,1
DA:1882,1
DA:1885,1
DA:2892,1
DA:3032,1
DA:3033,1
DA:3034,1
DA:3035,1
LF:9
LH:9
end_of_record
TN:
SF:/home/prometheus/Рабочий стол/pets/tdd_and_algos/src/factorial/factorial.hpp
FN:4,12,_ZN7TddMath9factorialEy
FNDA:242,_ZN7TddMath9factorialEy
FNF:1
FNH:1
DA:4,242
DA:5,242
DA:6,242
DA:8,4
DA:11,238
LF:5
LH:5
end_of_record
