TN:
SF:/home/prometheus/.conan2/p/b/fmt48cf9371df434/p/include/fmt/base.h
FN:454,456,_ZN3fmt3v116detail8use_utf8Ev
FNDA:1,_ZN3fmt3v116detail8use_utf8Ev
FNF:1
FNH:1
DA:454,1
DA:455,1
DA:1882,1
DA:1885,1
DA:2892,1
DA:3032,1
DA:3033,1
DA:3034,1
DA:3035,1
LF:9
LH:9
end_of_record
TN:
SF:/home/prometheus/.conan2/p/b/gtest62339a4d38e60/p/include/gtest/gtest-assertion-result.h
FN:174,174,_ZNK7testing15AssertionResultcvbEv
FN:183,185,_ZNK7testing15AssertionResult7messageEv
FN:187,187,_ZNK7testing15AssertionResult15failure_messageEv
FNDA:1,_ZNK7testing15AssertionResultcvbEv
FNDA:0,_ZNK7testing15AssertionResult7messageEv
FNDA:0,_ZNK7testing15AssertionResult15failure_messageEv
FNF:3
FNH:1
DA:174,1
DA:183,0
DA:184,0
DA:187,0
LF:4
LH:1
end_of_record
TN:
SF:/home/prometheus/.conan2/p/b/gtest62339a4d38e60/p/include/gtest/gtest-printers.h
FN:1064,1066,_ZN7testing8internal21UniversalTersePrinterIiE5PrintERKiPSo
FN:1183,1188,_ZN7testing8internal14UniversalPrintIiEEvRKT_PSo
FN:1223,1227,_ZN7testing13PrintToStringIiEENSt7__cxx1112basic_stringIcSt11char_traitsIcESaIcEEERKT_
FN:248,253,_ZN7testing8internal52internal_stream_operator_without_lexical_name_lookup13StreamPrinter10PrintValueIivEEDTcvvlsdefp0_fp_ERKT_PSo
FN:352,363,_ZN7testing8internal17PrintWithFallbackIiEEvRKT_PSo
FN:383,385,_ZN7testing8internal19FormatForComparisonIiiE6FormatB5cxx11ERKi
FN:463,466,_ZN7testing8internal33FormatForComparisonFailureMessageIiiEENSt7__cxx1112basic_stringIcSt11char_traitsIcESaIcEEERKT_RKT0_
FN:490,492,_ZN7testing8internal7PrintToIiEEvRKT_PSo
FN:874,884,_ZN7testing8internal16UniversalPrinterIiE5PrintERKiPSo
FNDA:0,_ZN7testing8internal21UniversalTersePrinterIiE5PrintERKiPSo
FNDA:0,_ZN7testing8internal14UniversalPrintIiEEvRKT_PSo
FNDA:0,_ZN7testing13PrintToStringIiEENSt7__cxx1112basic_stringIcSt11char_traitsIcESaIcEEERKT_
FNDA:0,_ZN7testing8internal52internal_stream_operator_without_lexical_name_lookup13StreamPrinter10PrintValueIivEEDTcvvlsdefp0_fp_ERKT_PSo
FNDA:0,_ZN7testing8internal17PrintWithFallbackIiEEvRKT_PSo
FNDA:0,_ZN7testing8internal19FormatForComparisonIiiE6FormatB5cxx11ERKi
FNDA:0,_ZN7testing8internal33FormatForComparisonFailureMessageIiiEENSt7__cxx1112basic_stringIcSt11char_traitsIcESaIcEEERKT_RKT0_
FNDA:0,_ZN7testing8internal7PrintToIiEEvRKT_PSo
FNDA:0,_ZN7testing8internal16UniversalPrinterIiE5PrintERKiPSo
FNF:9
FNH:0
DA:248,0
DA:252,0
DA:253,0
DA:352,0
DA:362,0
DA:363,0
DA:383,0
DA:384,0
DA:463,0
DA:465,0
DA:490,0
DA:491,0
DA:492,0
DA:874,0
DA:883,0
DA:884,0
DA:1064,0
DA:1065,0
DA:1066,0
DA:1183,0
DA:1187,0
DA:1188,0
DA:1223,0
DA:1224,0
DA:1225,0
DA:1226,0
DA:1227,0
LF:27
LH:0
end_of_record
TN:
SF:/home/prometheus/.conan2/p/b/gtest62339a4d38e60/p/include/gtest/gtest.h
FN:1374,1380,_ZN7testing8internal18CmpHelperEQFailureIiiEENS_15AssertionResultEPKcS4_RKT_RKT0_
FN:1391,1399,_ZN7testing8internal11CmpHelperEQIiiEENS_15AssertionResultEPKcS4_RKT_RKT0_
FN:1410,1414,_ZN7testing8internal8EqHelper7CompareIiiLPv0EEENS_15AssertionResultEPKcS6_RKT_RKT0_
FN:2334,2334,_Z13RUN_ALL_TESTSv
FN:255,255,_ZN7testing4Test14SetUpTestSuiteEv
FN:263,263,_ZN7testing4Test17TearDownTestSuiteEv
FN:268,268,_ZN7testing4Test16TearDownTestCaseEv
FN:269,269,_ZN7testing4Test13SetUpTestCaseEv
FN:356,356,_ZN7testing4Test5SetupEv
FNDA:0,_ZN7testing8internal18CmpHelperEQFailureIiiEENS_15AssertionResultEPKcS4_RKT_RKT0_
FNDA:1,_ZN7testing8internal11CmpHelperEQIiiEENS_15AssertionResultEPKcS4_RKT_RKT0_
FNDA:1,_ZN7testing8internal8EqHelper7CompareIiiLPv0EEENS_15AssertionResultEPKcS6_RKT_RKT0_
FNDA:1,_Z13RUN_ALL_TESTSv
FNDA:0,_ZN7testing4Test14SetUpTestSuiteEv
FNDA:0,_ZN7testing4Test17TearDownTestSuiteEv
FNDA:0,_ZN7testing4Test16TearDownTestCaseEv
FNDA:0,_ZN7testing4Test13SetUpTestCaseEv
FNDA:0,_ZN7testing4Test5SetupEv
FNF:9
FNH:3
DA:255,0
DA:263,0
DA:268,0
DA:269,0
DA:356,0
DA:1374,0
DA:1379,0
DA:1391,1
DA:1394,1
DA:1395,1
DA:1398,0
DA:1410,1
DA:1413,1
DA:2334,1
LF:14
LH:6
end_of_record
TN:
SF:/home/prometheus/.conan2/p/b/gtest62339a4d38e60/p/include/gtest/internal/gtest-internal.h
FN:437,437,_ZN7testing8internal15TestFactoryBaseD0Ev
FN:437,437,_ZN7testing8internal15TestFactoryBaseD2Ev
FN:444,444,_ZN7testing8internal15TestFactoryBaseC2Ev
FN:456,456,_ZN7testing8internal15TestFactoryImplI24SampleTest_Addition_TestE10CreateTestEv
FN:477,478,_ZN7testing8internal12CodeLocationC2ENSt7__cxx1112basic_stringIcSt11char_traitsIcESaIcEEEi
FN:490,493,_ZN7testing8internal19GetNotDefaultOrNullEPFvvES2_
FN:505,524,_ZN7testing8internal16SuiteApiResolverINS_4TestEE19GetSetUpCaseOrSuiteEPKci
FN:526,545,_ZN7testing8internal16SuiteApiResolverINS_4TestEE22GetTearDownCaseOrSuiteEPKci
FNDA:0,_ZN7testing8internal15TestFactoryBaseD0Ev
FNDA:1,_ZN7testing8internal15TestFactoryBaseD2Ev
FNDA:1,_ZN7testing8internal15TestFactoryBaseC2Ev
FNDA:1,_ZN7testing8internal15TestFactoryImplI24SampleTest_Addition_TestE10CreateTestEv
FNDA:1,_ZN7testing8internal12CodeLocationC2ENSt7__cxx1112basic_stringIcSt11char_traitsIcESaIcEEEi
FNDA:4,_ZN7testing8internal19GetNotDefaultOrNullEPFvvES2_
FNDA:1,_ZN7testing8internal16SuiteApiResolverINS_4TestEE19GetSetUpCaseOrSuiteEPKci
FNDA:1,_ZN7testing8internal16SuiteApiResolverINS_4TestEE22GetTearDownCaseOrSuiteEPKci
FNF:8
FNH:7
DA:437,1
DA:444,1
DA:456,1
DA:477,1
DA:478,1
DA:490,4
DA:492,4
DA:505,1
DA:509,1
DA:511,1
DA:513,1
DA:516,0
DA:518,1
DA:526,1
DA:530,1
DA:532,1
DA:534,1
DA:537,0
DA:539,1
LF:19
LH:17
end_of_record
TN:
SF:/home/prometheus/.conan2/p/b/gtest62339a4d38e60/p/include/gtest/internal/gtest-port.h
FN:1082,1082,_ZN7testing8internal8GTestLog9GetStreamEv
FNDA:0,_ZN7testing8internal8GTestLog9GetStreamEv
FNF:1
FNH:0
DA:1082,0
LF:1
LH:0
end_of_record
TN:
SF:/home/prometheus/Рабочий стол/pets/tdd_and_algos/tests/sample.cpp
FN:4,4,_ZN24SampleTest_Addition_Test8TestBodyEv
FN:4,4,_ZN24SampleTest_Addition_TestC2Ev
FN:4,4,_ZN24SampleTest_Addition_TestD0Ev
FN:4,4,_ZN24SampleTest_Addition_TestD2Ev
FNDA:1,_ZN24SampleTest_Addition_Test8TestBodyEv
FNDA:1,_ZN24SampleTest_Addition_TestC2Ev
FNDA:1,_ZN24SampleTest_Addition_TestD0Ev
FNDA:1,_ZN24SampleTest_Addition_TestD2Ev
FNF:4
FNH:4
DA:4,4
DA:5,1
DA:6,1
DA:7,1
LF:4
LH:4
end_of_record
TN:
SF:/home/prometheus/Рабочий стол/pets/tdd_and_algos/tests/tests_main.cpp
FN:3,6,main
FNDA:1,main
FNF:1
FNH:1
DA:3,1
DA:4,1
DA:5,1
LF:3
LH:3
end_of_record
